  [4;36;1mSQL (0.3ms)[0m   [0;1m SELECT name
 FROM sqlite_master
 WHERE type = 'table' AND NOT name = 'sqlite_sequence'
[0m
  [4;35;1mSQL (19.2ms)[0m   [0mselect sqlite_version(*)[0m
  [4;36;1mSQL (5.7ms)[0m   [0;1mCREATE TABLE "schema_migrations" ("version" varchar(255) NOT NULL) [0m
  [4;35;1mSQL (2.9ms)[0m   [0mCREATE UNIQUE INDEX "unique_schema_migrations" ON "schema_migrations" ("version")[0m
  [4;36;1mSQL (0.4ms)[0m   [0;1m SELECT name
 FROM sqlite_master
 WHERE type = 'table' AND NOT name = 'sqlite_sequence'
[0m
  [4;35;1mSQL (0.2ms)[0m   [0mSELECT version FROM schema_migrations[0m
Migrating to CreatePosts (20100314174725)
  [4;36;1mSQL (0.7ms)[0m   [0;1mCREATE TABLE "posts" ("id" INTEGER PRIMARY KEY AUTOINCREMENT NOT NULL, "name" varchar(255), "title" varchar(255), "content" text, "created_at" datetime, "updated_at" datetime) [0m
  [4;35;1mSQL (0.1ms)[0m   [0mINSERT INTO schema_migrations (version) VALUES ('20100314174725')[0m
  [4;36;1mSQL (0.4ms)[0m   [0;1m SELECT name
 FROM sqlite_master
 WHERE type = 'table' AND NOT name = 'sqlite_sequence'
[0m
  [4;35;1mSQL (0.2ms)[0m   [0mSELECT version FROM schema_migrations[0m
  [4;36;1mSQL (0.2ms)[0m   [0;1m SELECT name
 FROM sqlite_master
 WHERE type = 'table' AND NOT name = 'sqlite_sequence'
[0m
  [4;35;1mSQL (0.1ms)[0m   [0mPRAGMA index_list("posts")[0m


Processing ApplicationController#index (for 127.0.0.1 at 2010-03-14 10:47:46) [GET]

ActionController::RoutingError (No route matches "/" with {:method=>:get}):
  

Rendering rescues/layout (not_found)


Processing PostsController#index (for 127.0.0.1 at 2010-03-14 10:47:52) [GET]
  [4;36;1mPost Load (0.4ms)[0m   [0;1mSELECT * FROM "posts" [0m
Rendering template within layouts/posts
Rendering posts/index
Completed in 63ms (View: 58, DB: 0) | 200 OK [http://localhost/Posts]


Processing PostsController#index (for 127.0.0.1 at 2010-03-14 10:48:01) [GET]
  [4;35;1mPost Load (0.4ms)[0m   [0mSELECT * FROM "posts" [0m
Rendering template within layouts/posts
Rendering posts/index
Completed in 7ms (View: 1, DB: 0) | 200 OK [http://localhost/posts]


Processing PostsController#new (for 127.0.0.1 at 2010-03-14 10:52:47) [GET]
Rendering template within layouts/posts
Rendering posts/new
Completed in 15ms (View: 10, DB: 0) | 200 OK [http://localhost/posts/new]


Processing PostsController#create (for 127.0.0.1 at 2010-03-14 10:52:55) [POST]
  Parameters: {"commit"=>"Create", "authenticity_token"=>"pOvgnz5TBFx54x6Ir/xhv5tagRwLdhqjYXeQFtyTDpI=", "post"=>{"name"=>"asdf", "title"=>"asdfg", "content"=>"asdfasdfasfd"}}
  [4;36;1mPost Create (0.4ms)[0m   [0;1mINSERT INTO "posts" ("name", "updated_at", "title", "content", "created_at") VALUES('asdf', '2010-03-14 17:52:55', 'asdfg', 'asdfasdfasfd', '2010-03-14 17:52:55')[0m
Redirected to http://localhost:3000/posts/1
Completed in 10ms (DB: 0) | 302 Found [http://localhost/posts]


Processing PostsController#show (for 127.0.0.1 at 2010-03-14 10:52:55) [GET]
  Parameters: {"id"=>"1"}
  [4;35;1mPost Load (0.2ms)[0m   [0mSELECT * FROM "posts" WHERE ("posts"."id" = 1) [0m
Rendering template within layouts/posts
Rendering posts/show
Completed in 13ms (View: 7, DB: 0) | 200 OK [http://localhost/posts/1]


Processing PostsController#index (for 127.0.0.1 at 2010-03-14 10:54:35) [GET]
  [4;36;1mPost Load (0.6ms)[0m   [0;1mSELECT * FROM "posts" [0m
Rendering template within layouts/posts
Rendering posts/index
Completed in 38ms (View: 33, DB: 1) | 200 OK [http://localhost/Posts]


Processing PostsController#new (for 127.0.0.1 at 2010-03-14 10:58:51) [GET]
Rendering template within layouts/posts
Rendering posts/new
Rendered posts/_form (4.2ms)
Completed in 19ms (View: 14, DB: 0) | 200 OK [http://localhost/posts/new]


Processing PostsController#new (for 127.0.0.1 at 2010-03-14 10:58:53) [GET]
Rendering template within layouts/posts
Rendering posts/new
Rendered posts/_form (3.2ms)
Completed in 9ms (View: 4, DB: 0) | 200 OK [http://localhost/posts/new]


Processing PostsController#new (for 127.0.0.1 at 2010-03-14 10:59:05) [GET]
Rendering template within layouts/posts
Rendering posts/new
Rendered posts/_form (4.3ms)
Completed in 13ms (View: 9, DB: 0) | 200 OK [http://localhost/posts/new]


Processing PostsController#new (for 127.0.0.1 at 2010-03-14 10:59:13) [GET]
Rendering template within layouts/posts
Rendering posts/new
Rendered posts/_form (4.3ms)
Completed in 13ms (View: 9, DB: 0) | 200 OK [http://localhost/posts/new]
